# JRE version: Java(TM) SE Runtime Environment (8.0_171-b11) (build 1.8.0_171-b11)
# Java VM: Java HotSpot(TM) 64-Bit Server VM (25.171-b11 mixed mode windows-amd64 compressed oops)
Heap:
 PSYoungGen      total 71680K, used 11904K [0x00000000eb500000, 0x00000000f0300000, 0x0000000100000000)
  eden space 65024K, 18% used [0x00000000eb500000,0x00000000ec0a0048,0x00000000ef480000)
  from space 6656K, 0% used [0x00000000efb80000,0x00000000efb80000,0x00000000f0200000)
  to   space 7168K, 0% used [0x00000000ef480000,0x00000000ef480000,0x00000000efb80000)
 ParOldGen       total 35328K, used 7606K [0x00000000c1e00000, 0x00000000c4080000, 0x00000000eb500000)
  object space 35328K, 21% used [0x00000000c1e00000,0x00000000c256d958,0x00000000c4080000)
 Metaspace       used 22051K, capacity 22608K, committed 22784K, reserved 1069056K
  class space    used 2819K, capacity 2996K, committed 3072K, reserved 1048576K
GC Heap History (10 events):
Event: 4.102 GC heap before
{Heap before GC invocations=3 (full 0):
 PSYoungGen      total 18944K, used 18928K [0x00000000eb500000, 0x00000000eca00000, 0x0000000100000000)
  eden space 16384K, 100% used [0x00000000eb500000,0x00000000ec500000,0x00000000ec500000)
  from space 2560K, 99% used [0x00000000ec780000,0x00000000ec9fc010,0x00000000eca00000)
  to   space 2560K, 0% used [0x00000000ec500000,0x00000000ec500000,0x00000000ec780000)
 ParOldGen       total 44032K, used 1721K [0x00000000c1e00000, 0x00000000c4900000, 0x00000000eb500000)
  object space 44032K, 3% used [0x00000000c1e00000,0x00000000c1fae668,0x00000000c4900000)
 Metaspace       used 12158K, capacity 12456K, committed 12672K, reserved 1060864K
  class space    used 1531K, capacity 1630K, committed 1664K, reserved 1048576K
Event: 4.112 GC heap after
Heap after GC invocations=3 (full 0):
 PSYoungGen      total 18944K, used 2560K [0x00000000eb500000, 0x00000000eda00000, 0x0000000100000000)
  eden space 16384K, 0% used [0x00000000eb500000,0x00000000eb500000,0x00000000ec500000)
  from space 2560K, 100% used [0x00000000ec500000,0x00000000ec780000,0x00000000ec780000)
  to   space 2560K, 0% used [0x00000000ed780000,0x00000000ed780000,0x00000000eda00000)
 ParOldGen       total 44032K, used 2868K [0x00000000c1e00000, 0x00000000c4900000, 0x00000000eb500000)
  object space 44032K, 6% used [0x00000000c1e00000,0x00000000c20cd220,0x00000000c4900000)
 Metaspace       used 12158K, capacity 12456K, committed 12672K, reserved 1060864K
  class space    used 1531K, capacity 1630K, committed 1664K, reserved 1048576K
}
Event: 4.601 GC heap before
{Heap before GC invocations=4 (full 0):
 PSYoungGen      total 18944K, used 18944K [0x00000000eb500000, 0x00000000eda00000, 0x0000000100000000)
  eden space 16384K, 100% used [0x00000000eb500000,0x00000000ec500000,0x00000000ec500000)
  from space 2560K, 100% used [0x00000000ec500000,0x00000000ec780000,0x00000000ec780000)
  to   space 2560K, 0% used [0x00000000ed780000,0x00000000ed780000,0x00000000eda00000)
 ParOldGen       total 44032K, used 2868K [0x00000000c1e00000, 0x00000000c4900000, 0x00000000eb500000)
  object space 44032K, 6% used [0x00000000c1e00000,0x00000000c20cd220,0x00000000c4900000)
 Metaspace       used 13408K, capacity 13840K, committed 13952K, reserved 1060864K
  class space    used 1749K, capacity 1892K, committed 1920K, reserved 1048576K
Event: 4.622 GC heap after
Heap after GC invocations=4 (full 0):
 PSYoungGen      total 35328K, used 2560K [0x00000000eb500000, 0x00000000eda00000, 0x0000000100000000)
  eden space 32768K, 0% used [0x00000000eb500000,0x00000000eb500000,0x00000000ed500000)
  from space 2560K, 100% used [0x00000000ed780000,0x00000000eda00000,0x00000000eda00000)
  to   space 2560K, 0% used [0x00000000ed500000,0x00000000ed500000,0x00000000ed780000)
 ParOldGen       total 44032K, used 4443K [0x00000000c1e00000, 0x00000000c4900000, 0x00000000eb500000)
  object space 44032K, 10% used [0x00000000c1e00000,0x00000000c2256de0,0x00000000c4900000)
 Metaspace       used 13408K, capacity 13840K, committed 13952K, reserved 1060864K
  class space    used 1749K, capacity 1892K, committed 1920K, reserved 1048576K
}
Event: 5.656 GC heap before
{Heap before GC invocations=5 (full 0):
 PSYoungGen      total 35328K, used 35328K [0x00000000eb500000, 0x00000000eda00000, 0x0000000100000000)
  eden space 32768K, 100% used [0x00000000eb500000,0x00000000ed500000,0x00000000ed500000)
  from space 2560K, 100% used [0x00000000ed780000,0x00000000eda00000,0x00000000eda00000)
  to   space 2560K, 0% used [0x00000000ed500000,0x00000000ed500000,0x00000000ed780000)
 ParOldGen       total 44032K, used 4443K [0x00000000c1e00000, 0x00000000c4900000, 0x00000000eb500000)
  object space 44032K, 10% used [0x00000000c1e00000,0x00000000c2256de0,0x00000000c4900000)
 Metaspace       used 17580K, capacity 18060K, committed 18304K, reserved 1064960K
  class space    used 2262K, capacity 2420K, committed 2432K, reserved 1048576K
Event: 5.674 GC heap after
Heap after GC invocations=5 (full 0):
 PSYoungGen      total 35328K, used 2544K [0x00000000eb500000, 0x00000000f0200000, 0x0000000100000000)
  eden space 32768K, 0% used [0x00000000eb500000,0x00000000eb500000,0x00000000ed500000)
  from space 2560K, 99% used [0x00000000ed500000,0x00000000ed77c010,0x00000000ed780000)
  to   space 6656K, 0% used [0x00000000efb80000,0x00000000efb80000,0x00000000f0200000)
 ParOldGen       total 44032K, used 8777K [0x00000000c1e00000, 0x00000000c4900000, 0x00000000eb500000)
  object space 44032K, 19% used [0x00000000c1e00000,0x00000000c2692690,0x00000000c4900000)
 Metaspace       used 17580K, capacity 18060K, committed 18304K, reserved 1064960K
  class space    used 2262K, capacity 2420K, committed 2432K, reserved 1048576K
}
Event: 7.118 GC heap before
{Heap before GC invocations=6 (full 0):
 PSYoungGen      total 35328K, used 22128K [0x00000000eb500000, 0x00000000f0200000, 0x0000000100000000)
  eden space 32768K, 59% used [0x00000000eb500000,0x00000000ec8201e8,0x00000000ed500000)
  from space 2560K, 99% used [0x00000000ed500000,0x00000000ed77c010,0x00000000ed780000)
  to   space 6656K, 0% used [0x00000000efb80000,0x00000000efb80000,0x00000000f0200000)
 ParOldGen       total 44032K, used 8777K [0x00000000c1e00000, 0x00000000c4900000, 0x00000000eb500000)
  object space 44032K, 19% used [0x00000000c1e00000,0x00000000c2692690,0x00000000c4900000)
 Metaspace       used 20651K, capacity 21134K, committed 21248K, reserved 1067008K
  class space    used 2659K, capacity 2807K, committed 2816K, reserved 1048576K
Event: 7.138 GC heap after
Heap after GC invocations=6 (full 0):
 PSYoungGen      total 71680K, used 5396K [0x00000000eb500000, 0x00000000f0300000, 0x0000000100000000)
  eden space 65024K, 0% used [0x00000000eb500000,0x00000000eb500000,0x00000000ef480000)
  from space 6656K, 81% used [0x00000000efb80000,0x00000000f00c5368,0x00000000f0200000)
  to   space 7168K, 0% used [0x00000000ef480000,0x00000000ef480000,0x00000000efb80000)
 ParOldGen       total 44032K, used 8777K [0x00000000c1e00000, 0x00000000c4900000, 0x00000000eb500000)
  object space 44032K, 19% used [0x00000000c1e00000,0x00000000c2692690,0x00000000c4900000)
 Metaspace       used 20651K, capacity 21134K, committed 21248K, reserved 1067008K
  class space    used 2659K, capacity 2807K, committed 2816K, reserved 1048576K
}
Event: 7.138 GC heap before
{Heap before GC invocations=7 (full 1):
 PSYoungGen      total 71680K, used 5396K [0x00000000eb500000, 0x00000000f0300000, 0x0000000100000000)
  eden space 65024K, 0% used [0x00000000eb500000,0x00000000eb500000,0x00000000ef480000)
  from space 6656K, 81% used [0x00000000efb80000,0x00000000f00c5368,0x00000000f0200000)
  to   space 7168K, 0% used [0x00000000ef480000,0x00000000ef480000,0x00000000efb80000)
 ParOldGen       total 44032K, used 8777K [0x00000000c1e00000, 0x00000000c4900000, 0x00000000eb500000)
  object space 44032K, 19% used [0x00000000c1e00000,0x00000000c2692690,0x00000000c4900000)
 Metaspace       used 20651K, capacity 21134K, committed 21248K, reserved 1067008K
  class space    used 2659K, capacity 2807K, committed 2816K, reserved 1048576K
Event: 7.256 GC heap after
Heap after GC invocations=7 (full 1):
 PSYoungGen      total 71680K, used 0K [0x00000000eb500000, 0x00000000f0300000, 0x0000000100000000)
  eden space 65024K, 0% used [0x00000000eb500000,0x00000000eb500000,0x00000000ef480000)
  from space 6656K, 0% used [0x00000000efb80000,0x00000000efb80000,0x00000000f0200000)
  to   space 7168K, 0% used [0x00000000ef480000,0x00000000ef480000,0x00000000efb80000)
 ParOldGen       total 35328K, used 7606K [0x00000000c1e00000, 0x00000000c4080000, 0x00000000eb500000)
  object space 35328K, 21% used [0x00000000c1e00000,0x00000000c256d958,0x00000000c4080000)
 Metaspace       used 20651K, capacity 21134K, committed 21248K, reserved 1067008K
  class space    used 2659K, capacity 2807K, committed 2816K, reserved 1048576K
}

